빌드 시작: 2015-11-11 오후 1:40:03
     1>2 노드의 "C:\Users\sim\Desktop\PowExtDll\PowExtDll.vcxproj" 프로젝트(Build 대상)입니다.
     1>ClCompile:
         C:\Program Files (x86)\Microsoft Visual Studio 11.0\VC\bin\CL.exe /c /Zi /nologo /W3 /WX- /sdl /O2 /Oi /Oy- /GL /D WIN32 /D _WINDOWS /D NDEBUG /D _AFXEXT /D _WINDLL /D _UNICODE /D UNICODE /D _AFXDLL /Gm- /EHsc /MD /GS /Gy /fp:precise /Zc:wchar_t /Zc:forScope /Yu"stdafx.h" /Fp"Release\PowExtDll.pch" /Fo"Release\\" /Fd"Release\vc110.pdb" /Gd /TP /analyze- /errorReport:prompt PowDlg.cpp
         PowDlg.cpp
     1>PowDlg.cpp(43): warning C4244: '초기화 중' : 'double'에서 'int'(으)로 변환하면서 데이터가 손실될 수 있습니다.
       ResourceCompile:
         C:\Program Files (x86)\Windows Kits\8.0\bin\x86\rc.exe /D NDEBUG /D _UNICODE /D UNICODE /D _AFXDLL /l"0x0412" /IRelease\ /nologo /fo"Release\PowExtDll.res" PowExtDll.rc 
       Link:
         C:\Program Files (x86)\Microsoft Visual Studio 11.0\VC\bin\link.exe /ERRORREPORT:PROMPT /OUT:"C:\Users\sim\Desktop\PowExtDll\Release\PowExtDll.dll" /INCREMENTAL:NO /NOLOGO /DEF:".\PowExtDll.def" /MANIFEST /MANIFESTUAC:"level='asInvoker' uiAccess='false'" /manifest:embed /manifestinput:"C:\Program Files (x86)\Microsoft Visual Studio 11.0\VC\Include\Manifest\dpiaware.manifest" /DEBUG /PDB:"C:\Users\sim\Desktop\PowExtDll\Release\PowExtDll.pdb" /SUBSYSTEM:WINDOWS /OPT:REF /OPT:ICF /LTCG /TLBID:1 /DYNAMICBASE /NXCOMPAT /IMPLIB:"C:\Users\sim\Desktop\PowExtDll\Release\PowExtDll.lib" /MACHINE:X86 /SAFESEH /DLL Release\PowExtDll.res
         Release\dllmain.obj
         Release\PowDlg.obj
         Release\PowExtDll.obj
         Release\stdafx.obj
            C:\Users\sim\Desktop\PowExtDll\Release\PowExtDll.lib 라이브러리 및 C:\Users\sim\Desktop\PowExtDll\Release\PowExtDll.exp 개체를 생성하고 있습니다.
         코드를 생성하고 있습니다.
         코드를 생성했습니다.
         PowExtDll.vcxproj -> C:\Users\sim\Desktop\PowExtDll\Release\PowExtDll.dll
     1>"C:\Users\sim\Desktop\PowExtDll\PowExtDll.vcxproj" 프로젝트를 빌드했습니다(Build 대상).

빌드했습니다.

경과 시간: 00:00:01.20
